<?xml version="1.0" encoding="UTF-8"?>
<testsuite xmlns:xsi="http://www.w3.org/2001/XMLSchema-instance" xsi:noNamespaceSchemaLocation="https://maven.apache.org/surefire/maven-surefire-plugin/xsd/surefire-test-report.xsd" name="com.xinshuo.treehole.TreeholeApplicationTests" time="8.294" tests="6" errors="0" skipped="0" failures="0">
  <properties>
    <property name="sun.desktop" value="windows"/>
    <property name="awt.toolkit" value="sun.awt.windows.WToolkit"/>
    <property name="file.encoding.pkg" value="sun.io"/>
    <property name="java.specification.version" value="1.8"/>
    <property name="sun.cpu.isalist" value="amd64"/>
    <property name="sun.jnu.encoding" value="GBK"/>
    <property name="java.class.path" value="E:\git\treehole\后端源码\treehole\target\test-classes;E:\git\treehole\后端源码\treehole\target\classes;E:\apache-maven-3.6.3\repository\org\springframework\boot\spring-boot-starter-web\2.3.5.RELEASE\spring-boot-starter-web-2.3.5.RELEASE.jar;E:\apache-maven-3.6.3\repository\org\springframework\boot\spring-boot-starter\2.4.0\spring-boot-starter-2.4.0.jar;E:\apache-maven-3.6.3\repository\org\springframework\boot\spring-boot\2.4.0\spring-boot-2.4.0.jar;E:\apache-maven-3.6.3\repository\org\springframework\boot\spring-boot-autoconfigure\2.4.0\spring-boot-autoconfigure-2.4.0.jar;E:\apache-maven-3.6.3\repository\org\springframework\boot\spring-boot-starter-logging\2.4.0\spring-boot-starter-logging-2.4.0.jar;E:\apache-maven-3.6.3\repository\ch\qos\logback\logback-classic\1.2.3\logback-classic-1.2.3.jar;E:\apache-maven-3.6.3\repository\ch\qos\logback\logback-core\1.2.3\logback-core-1.2.3.jar;E:\apache-maven-3.6.3\repository\org\apache\logging\log4j\log4j-to-slf4j\2.13.3\log4j-to-slf4j-2.13.3.jar;E:\apache-maven-3.6.3\repository\org\apache\logging\log4j\log4j-api\2.13.3\log4j-api-2.13.3.jar;E:\apache-maven-3.6.3\repository\org\slf4j\jul-to-slf4j\1.7.30\jul-to-slf4j-1.7.30.jar;E:\apache-maven-3.6.3\repository\jakarta\annotation\jakarta.annotation-api\1.3.5\jakarta.annotation-api-1.3.5.jar;E:\apache-maven-3.6.3\repository\org\yaml\snakeyaml\1.27\snakeyaml-1.27.jar;E:\apache-maven-3.6.3\repository\org\springframework\boot\spring-boot-starter-json\2.4.0\spring-boot-starter-json-2.4.0.jar;E:\apache-maven-3.6.3\repository\com\fasterxml\jackson\datatype\jackson-datatype-jdk8\2.11.3\jackson-datatype-jdk8-2.11.3.jar;E:\apache-maven-3.6.3\repository\com\fasterxml\jackson\datatype\jackson-datatype-jsr310\2.11.3\jackson-datatype-jsr310-2.11.3.jar;E:\apache-maven-3.6.3\repository\com\fasterxml\jackson\module\jackson-module-parameter-names\2.11.3\jackson-module-parameter-names-2.11.3.jar;E:\apache-maven-3.6.3\repository\org\springframework\boot\spring-boot-starter-tomcat\2.4.0\spring-boot-starter-tomcat-2.4.0.jar;E:\apache-maven-3.6.3\repository\org\apache\tomcat\embed\tomcat-embed-core\9.0.39\tomcat-embed-core-9.0.39.jar;E:\apache-maven-3.6.3\repository\org\glassfish\jakarta.el\3.0.3\jakarta.el-3.0.3.jar;E:\apache-maven-3.6.3\repository\org\apache\tomcat\embed\tomcat-embed-websocket\9.0.39\tomcat-embed-websocket-9.0.39.jar;E:\apache-maven-3.6.3\repository\org\springframework\spring-web\5.3.1\spring-web-5.3.1.jar;E:\apache-maven-3.6.3\repository\org\springframework\spring-beans\5.3.1\spring-beans-5.3.1.jar;E:\apache-maven-3.6.3\repository\org\springframework\spring-webmvc\5.3.1\spring-webmvc-5.3.1.jar;E:\apache-maven-3.6.3\repository\org\springframework\spring-aop\5.3.1\spring-aop-5.3.1.jar;E:\apache-maven-3.6.3\repository\org\springframework\spring-context\5.3.1\spring-context-5.3.1.jar;E:\apache-maven-3.6.3\repository\org\springframework\spring-expression\5.3.1\spring-expression-5.3.1.jar;E:\apache-maven-3.6.3\repository\mysql\mysql-connector-java\8.0.13\mysql-connector-java-8.0.13.jar;E:\apache-maven-3.6.3\repository\org\springframework\boot\spring-boot-starter-test\2.3.5.RELEASE\spring-boot-starter-test-2.3.5.RELEASE.jar;E:\apache-maven-3.6.3\repository\org\springframework\boot\spring-boot-test\2.4.0\spring-boot-test-2.4.0.jar;E:\apache-maven-3.6.3\repository\org\springframework\boot\spring-boot-test-autoconfigure\2.4.0\spring-boot-test-autoconfigure-2.4.0.jar;E:\apache-maven-3.6.3\repository\com\jayway\jsonpath\json-path\2.4.0\json-path-2.4.0.jar;E:\apache-maven-3.6.3\repository\net\minidev\json-smart\2.3\json-smart-2.3.jar;E:\apache-maven-3.6.3\repository\net\minidev\accessors-smart\1.2\accessors-smart-1.2.jar;E:\apache-maven-3.6.3\repository\org\ow2\asm\asm\5.0.4\asm-5.0.4.jar;E:\apache-maven-3.6.3\repository\org\slf4j\slf4j-api\1.7.30\slf4j-api-1.7.30.jar;E:\apache-maven-3.6.3\repository\jakarta\xml\bind\jakarta.xml.bind-api\2.3.3\jakarta.xml.bind-api-2.3.3.jar;E:\apache-maven-3.6.3\repository\jakarta\activation\jakarta.activation-api\1.2.2\jakarta.activation-api-1.2.2.jar;E:\apache-maven-3.6.3\repository\org\assertj\assertj-core\3.18.1\assertj-core-3.18.1.jar;E:\apache-maven-3.6.3\repository\org\hamcrest\hamcrest\2.2\hamcrest-2.2.jar;E:\apache-maven-3.6.3\repository\org\junit\jupiter\junit-jupiter\5.7.0\junit-jupiter-5.7.0.jar;E:\apache-maven-3.6.3\repository\org\junit\jupiter\junit-jupiter-api\5.7.0\junit-jupiter-api-5.7.0.jar;E:\apache-maven-3.6.3\repository\org\opentest4j\opentest4j\1.2.0\opentest4j-1.2.0.jar;E:\apache-maven-3.6.3\repository\org\junit\platform\junit-platform-commons\1.7.0\junit-platform-commons-1.7.0.jar;E:\apache-maven-3.6.3\repository\org\junit\jupiter\junit-jupiter-params\5.7.0\junit-jupiter-params-5.7.0.jar;E:\apache-maven-3.6.3\repository\org\junit\jupiter\junit-jupiter-engine\5.7.0\junit-jupiter-engine-5.7.0.jar;E:\apache-maven-3.6.3\repository\org\junit\vintage\junit-vintage-engine\5.7.0\junit-vintage-engine-5.7.0.jar;E:\apache-maven-3.6.3\repository\org\apiguardian\apiguardian-api\1.1.0\apiguardian-api-1.1.0.jar;E:\apache-maven-3.6.3\repository\org\junit\platform\junit-platform-engine\1.7.0\junit-platform-engine-1.7.0.jar;E:\apache-maven-3.6.3\repository\junit\junit\4.13.1\junit-4.13.1.jar;E:\apache-maven-3.6.3\repository\org\mockito\mockito-core\3.6.0\mockito-core-3.6.0.jar;E:\apache-maven-3.6.3\repository\net\bytebuddy\byte-buddy\1.10.18\byte-buddy-1.10.18.jar;E:\apache-maven-3.6.3\repository\net\bytebuddy\byte-buddy-agent\1.10.18\byte-buddy-agent-1.10.18.jar;E:\apache-maven-3.6.3\repository\org\objenesis\objenesis\3.1\objenesis-3.1.jar;E:\apache-maven-3.6.3\repository\org\mockito\mockito-junit-jupiter\3.6.0\mockito-junit-jupiter-3.6.0.jar;E:\apache-maven-3.6.3\repository\org\skyscreamer\jsonassert\1.5.0\jsonassert-1.5.0.jar;E:\apache-maven-3.6.3\repository\com\vaadin\external\google\android-json\0.0.20131108.vaadin1\android-json-0.0.20131108.vaadin1.jar;E:\apache-maven-3.6.3\repository\org\springframework\spring-core\5.3.1\spring-core-5.3.1.jar;E:\apache-maven-3.6.3\repository\org\springframework\spring-jcl\5.3.1\spring-jcl-5.3.1.jar;E:\apache-maven-3.6.3\repository\org\springframework\spring-test\5.3.1\spring-test-5.3.1.jar;E:\apache-maven-3.6.3\repository\org\xmlunit\xmlunit-core\2.7.0\xmlunit-core-2.7.0.jar;E:\apache-maven-3.6.3\repository\org\apache\shiro\shiro-spring\1.6.0\shiro-spring-1.6.0.jar;E:\apache-maven-3.6.3\repository\org\apache\shiro\shiro-core\1.6.0\shiro-core-1.6.0.jar;E:\apache-maven-3.6.3\repository\org\apache\shiro\shiro-lang\1.6.0\shiro-lang-1.6.0.jar;E:\apache-maven-3.6.3\repository\org\apache\shiro\shiro-cache\1.6.0\shiro-cache-1.6.0.jar;E:\apache-maven-3.6.3\repository\org\apache\shiro\shiro-crypto-hash\1.6.0\shiro-crypto-hash-1.6.0.jar;E:\apache-maven-3.6.3\repository\org\apache\shiro\shiro-crypto-core\1.6.0\shiro-crypto-core-1.6.0.jar;E:\apache-maven-3.6.3\repository\org\apache\shiro\shiro-crypto-cipher\1.6.0\shiro-crypto-cipher-1.6.0.jar;E:\apache-maven-3.6.3\repository\org\apache\shiro\shiro-config-core\1.6.0\shiro-config-core-1.6.0.jar;E:\apache-maven-3.6.3\repository\org\apache\shiro\shiro-config-ogdl\1.6.0\shiro-config-ogdl-1.6.0.jar;E:\apache-maven-3.6.3\repository\commons-beanutils\commons-beanutils\1.9.4\commons-beanutils-1.9.4.jar;E:\apache-maven-3.6.3\repository\commons-collections\commons-collections\3.2.2\commons-collections-3.2.2.jar;E:\apache-maven-3.6.3\repository\org\apache\shiro\shiro-event\1.6.0\shiro-event-1.6.0.jar;E:\apache-maven-3.6.3\repository\org\apache\shiro\shiro-web\1.6.0\shiro-web-1.6.0.jar;E:\apache-maven-3.6.3\repository\org\owasp\encoder\encoder\1.2.2\encoder-1.2.2.jar;E:\apache-maven-3.6.3\repository\com\auth0\java-jwt\3.2.0\java-jwt-3.2.0.jar;E:\apache-maven-3.6.3\repository\com\fasterxml\jackson\core\jackson-databind\2.11.3\jackson-databind-2.11.3.jar;E:\apache-maven-3.6.3\repository\com\fasterxml\jackson\core\jackson-annotations\2.11.3\jackson-annotations-2.11.3.jar;E:\apache-maven-3.6.3\repository\com\fasterxml\jackson\core\jackson-core\2.11.3\jackson-core-2.11.3.jar;E:\apache-maven-3.6.3\repository\commons-codec\commons-codec\1.15\commons-codec-1.15.jar;E:\apache-maven-3.6.3\repository\org\bouncycastle\bcprov-jdk15on\1.55\bcprov-jdk15on-1.55.jar;E:\apache-maven-3.6.3\repository\commons-fileupload\commons-fileupload\1.3.3\commons-fileupload-1.3.3.jar;E:\apache-maven-3.6.3\repository\commons-io\commons-io\2.4\commons-io-2.4.jar;E:\apache-maven-3.6.3\repository\com\alibaba\fastjson\1.2.58\fastjson-1.2.58.jar;E:\apache-maven-3.6.3\repository\org\mybatis\spring\boot\mybatis-spring-boot-starter\2.1.0\mybatis-spring-boot-starter-2.1.0.jar;E:\apache-maven-3.6.3\repository\org\springframework\boot\spring-boot-starter-jdbc\2.4.0\spring-boot-starter-jdbc-2.4.0.jar;E:\apache-maven-3.6.3\repository\com\zaxxer\HikariCP\3.4.5\HikariCP-3.4.5.jar;E:\apache-maven-3.6.3\repository\org\springframework\spring-jdbc\5.3.1\spring-jdbc-5.3.1.jar;E:\apache-maven-3.6.3\repository\org\mybatis\spring\boot\mybatis-spring-boot-autoconfigure\2.1.0\mybatis-spring-boot-autoconfigure-2.1.0.jar;E:\apache-maven-3.6.3\repository\org\mybatis\mybatis\3.5.2\mybatis-3.5.2.jar;E:\apache-maven-3.6.3\repository\org\mybatis\mybatis-spring\2.0.2\mybatis-spring-2.0.2.jar;E:\apache-maven-3.6.3\repository\com\github\pagehelper\pagehelper-spring-boot-starter\1.2.5\pagehelper-spring-boot-starter-1.2.5.jar;E:\apache-maven-3.6.3\repository\com\github\pagehelper\pagehelper-spring-boot-autoconfigure\1.2.5\pagehelper-spring-boot-autoconfigure-1.2.5.jar;E:\apache-maven-3.6.3\repository\com\github\pagehelper\pagehelper\5.1.4\pagehelper-5.1.4.jar;E:\apache-maven-3.6.3\repository\com\github\jsqlparser\jsqlparser\1.0\jsqlparser-1.0.jar;E:\apache-maven-3.6.3\repository\org\springframework\boot\spring-boot-starter-data-redis\2.1.5.RELEASE\spring-boot-starter-data-redis-2.1.5.RELEASE.jar;E:\apache-maven-3.6.3\repository\org\springframework\data\spring-data-redis\2.4.1\spring-data-redis-2.4.1.jar;E:\apache-maven-3.6.3\repository\org\springframework\data\spring-data-keyvalue\2.4.1\spring-data-keyvalue-2.4.1.jar;E:\apache-maven-3.6.3\repository\org\springframework\data\spring-data-commons\2.4.1\spring-data-commons-2.4.1.jar;E:\apache-maven-3.6.3\repository\org\springframework\spring-tx\5.3.1\spring-tx-5.3.1.jar;E:\apache-maven-3.6.3\repository\org\springframework\spring-oxm\5.3.1\spring-oxm-5.3.1.jar;E:\apache-maven-3.6.3\repository\org\springframework\spring-context-support\5.3.1\spring-context-support-5.3.1.jar;E:\apache-maven-3.6.3\repository\io\lettuce\lettuce-core\6.0.1.RELEASE\lettuce-core-6.0.1.RELEASE.jar;E:\apache-maven-3.6.3\repository\io\netty\netty-common\4.1.54.Final\netty-common-4.1.54.Final.jar;E:\apache-maven-3.6.3\repository\io\netty\netty-handler\4.1.54.Final\netty-handler-4.1.54.Final.jar;E:\apache-maven-3.6.3\repository\io\netty\netty-resolver\4.1.54.Final\netty-resolver-4.1.54.Final.jar;E:\apache-maven-3.6.3\repository\io\netty\netty-buffer\4.1.54.Final\netty-buffer-4.1.54.Final.jar;E:\apache-maven-3.6.3\repository\io\netty\netty-codec\4.1.54.Final\netty-codec-4.1.54.Final.jar;E:\apache-maven-3.6.3\repository\io\netty\netty-transport\4.1.54.Final\netty-transport-4.1.54.Final.jar;E:\apache-maven-3.6.3\repository\io\projectreactor\reactor-core\3.4.0\reactor-core-3.4.0.jar;E:\apache-maven-3.6.3\repository\org\reactivestreams\reactive-streams\1.0.3\reactive-streams-1.0.3.jar;"/>
    <property name="java.vm.vendor" value="Oracle Corporation"/>
    <property name="sun.arch.data.model" value="64"/>
    <property name="user.variant" value=""/>
    <property name="java.vendor.url" value="http://java.oracle.com/"/>
    <property name="user.timezone" value="Asia/Shanghai"/>
    <property name="java.vm.specification.version" value="1.8"/>
    <property name="os.name" value="Windows 8.1"/>
    <property name="user.country" value="CN"/>
    <property name="sun.java.launcher" value="SUN_STANDARD"/>
    <property name="sun.boot.library.path" value="E:\Java\jdk1.8.0_11\jre\bin"/>
    <property name="sun.java.command" value="C:\Users\ADMINI~1\AppData\Local\Temp\surefire7491267583159677043\surefirebooter7609979939211838372.jar C:\Users\Administrator\AppData\Local\Temp\surefire7491267583159677043 2021-08-21T19-17-00_896-jvmRun1 surefire6316698297811128328tmp surefire_03221991821240993511tmp"/>
    <property name="surefire.test.class.path" value="E:\git\treehole\后端源码\treehole\target\test-classes;E:\git\treehole\后端源码\treehole\target\classes;E:\apache-maven-3.6.3\repository\org\springframework\boot\spring-boot-starter-web\2.3.5.RELEASE\spring-boot-starter-web-2.3.5.RELEASE.jar;E:\apache-maven-3.6.3\repository\org\springframework\boot\spring-boot-starter\2.4.0\spring-boot-starter-2.4.0.jar;E:\apache-maven-3.6.3\repository\org\springframework\boot\spring-boot\2.4.0\spring-boot-2.4.0.jar;E:\apache-maven-3.6.3\repository\org\springframework\boot\spring-boot-autoconfigure\2.4.0\spring-boot-autoconfigure-2.4.0.jar;E:\apache-maven-3.6.3\repository\org\springframework\boot\spring-boot-starter-logging\2.4.0\spring-boot-starter-logging-2.4.0.jar;E:\apache-maven-3.6.3\repository\ch\qos\logback\logback-classic\1.2.3\logback-classic-1.2.3.jar;E:\apache-maven-3.6.3\repository\ch\qos\logback\logback-core\1.2.3\logback-core-1.2.3.jar;E:\apache-maven-3.6.3\repository\org\apache\logging\log4j\log4j-to-slf4j\2.13.3\log4j-to-slf4j-2.13.3.jar;E:\apache-maven-3.6.3\repository\org\apache\logging\log4j\log4j-api\2.13.3\log4j-api-2.13.3.jar;E:\apache-maven-3.6.3\repository\org\slf4j\jul-to-slf4j\1.7.30\jul-to-slf4j-1.7.30.jar;E:\apache-maven-3.6.3\repository\jakarta\annotation\jakarta.annotation-api\1.3.5\jakarta.annotation-api-1.3.5.jar;E:\apache-maven-3.6.3\repository\org\yaml\snakeyaml\1.27\snakeyaml-1.27.jar;E:\apache-maven-3.6.3\repository\org\springframework\boot\spring-boot-starter-json\2.4.0\spring-boot-starter-json-2.4.0.jar;E:\apache-maven-3.6.3\repository\com\fasterxml\jackson\datatype\jackson-datatype-jdk8\2.11.3\jackson-datatype-jdk8-2.11.3.jar;E:\apache-maven-3.6.3\repository\com\fasterxml\jackson\datatype\jackson-datatype-jsr310\2.11.3\jackson-datatype-jsr310-2.11.3.jar;E:\apache-maven-3.6.3\repository\com\fasterxml\jackson\module\jackson-module-parameter-names\2.11.3\jackson-module-parameter-names-2.11.3.jar;E:\apache-maven-3.6.3\repository\org\springframework\boot\spring-boot-starter-tomcat\2.4.0\spring-boot-starter-tomcat-2.4.0.jar;E:\apache-maven-3.6.3\repository\org\apache\tomcat\embed\tomcat-embed-core\9.0.39\tomcat-embed-core-9.0.39.jar;E:\apache-maven-3.6.3\repository\org\glassfish\jakarta.el\3.0.3\jakarta.el-3.0.3.jar;E:\apache-maven-3.6.3\repository\org\apache\tomcat\embed\tomcat-embed-websocket\9.0.39\tomcat-embed-websocket-9.0.39.jar;E:\apache-maven-3.6.3\repository\org\springframework\spring-web\5.3.1\spring-web-5.3.1.jar;E:\apache-maven-3.6.3\repository\org\springframework\spring-beans\5.3.1\spring-beans-5.3.1.jar;E:\apache-maven-3.6.3\repository\org\springframework\spring-webmvc\5.3.1\spring-webmvc-5.3.1.jar;E:\apache-maven-3.6.3\repository\org\springframework\spring-aop\5.3.1\spring-aop-5.3.1.jar;E:\apache-maven-3.6.3\repository\org\springframework\spring-context\5.3.1\spring-context-5.3.1.jar;E:\apache-maven-3.6.3\repository\org\springframework\spring-expression\5.3.1\spring-expression-5.3.1.jar;E:\apache-maven-3.6.3\repository\mysql\mysql-connector-java\8.0.13\mysql-connector-java-8.0.13.jar;E:\apache-maven-3.6.3\repository\org\springframework\boot\spring-boot-starter-test\2.3.5.RELEASE\spring-boot-starter-test-2.3.5.RELEASE.jar;E:\apache-maven-3.6.3\repository\org\springframework\boot\spring-boot-test\2.4.0\spring-boot-test-2.4.0.jar;E:\apache-maven-3.6.3\repository\org\springframework\boot\spring-boot-test-autoconfigure\2.4.0\spring-boot-test-autoconfigure-2.4.0.jar;E:\apache-maven-3.6.3\repository\com\jayway\jsonpath\json-path\2.4.0\json-path-2.4.0.jar;E:\apache-maven-3.6.3\repository\net\minidev\json-smart\2.3\json-smart-2.3.jar;E:\apache-maven-3.6.3\repository\net\minidev\accessors-smart\1.2\accessors-smart-1.2.jar;E:\apache-maven-3.6.3\repository\org\ow2\asm\asm\5.0.4\asm-5.0.4.jar;E:\apache-maven-3.6.3\repository\org\slf4j\slf4j-api\1.7.30\slf4j-api-1.7.30.jar;E:\apache-maven-3.6.3\repository\jakarta\xml\bind\jakarta.xml.bind-api\2.3.3\jakarta.xml.bind-api-2.3.3.jar;E:\apache-maven-3.6.3\repository\jakarta\activation\jakarta.activation-api\1.2.2\jakarta.activation-api-1.2.2.jar;E:\apache-maven-3.6.3\repository\org\assertj\assertj-core\3.18.1\assertj-core-3.18.1.jar;E:\apache-maven-3.6.3\repository\org\hamcrest\hamcrest\2.2\hamcrest-2.2.jar;E:\apache-maven-3.6.3\repository\org\junit\jupiter\junit-jupiter\5.7.0\junit-jupiter-5.7.0.jar;E:\apache-maven-3.6.3\repository\org\junit\jupiter\junit-jupiter-api\5.7.0\junit-jupiter-api-5.7.0.jar;E:\apache-maven-3.6.3\repository\org\opentest4j\opentest4j\1.2.0\opentest4j-1.2.0.jar;E:\apache-maven-3.6.3\repository\org\junit\platform\junit-platform-commons\1.7.0\junit-platform-commons-1.7.0.jar;E:\apache-maven-3.6.3\repository\org\junit\jupiter\junit-jupiter-params\5.7.0\junit-jupiter-params-5.7.0.jar;E:\apache-maven-3.6.3\repository\org\junit\jupiter\junit-jupiter-engine\5.7.0\junit-jupiter-engine-5.7.0.jar;E:\apache-maven-3.6.3\repository\org\junit\vintage\junit-vintage-engine\5.7.0\junit-vintage-engine-5.7.0.jar;E:\apache-maven-3.6.3\repository\org\apiguardian\apiguardian-api\1.1.0\apiguardian-api-1.1.0.jar;E:\apache-maven-3.6.3\repository\org\junit\platform\junit-platform-engine\1.7.0\junit-platform-engine-1.7.0.jar;E:\apache-maven-3.6.3\repository\junit\junit\4.13.1\junit-4.13.1.jar;E:\apache-maven-3.6.3\repository\org\mockito\mockito-core\3.6.0\mockito-core-3.6.0.jar;E:\apache-maven-3.6.3\repository\net\bytebuddy\byte-buddy\1.10.18\byte-buddy-1.10.18.jar;E:\apache-maven-3.6.3\repository\net\bytebuddy\byte-buddy-agent\1.10.18\byte-buddy-agent-1.10.18.jar;E:\apache-maven-3.6.3\repository\org\objenesis\objenesis\3.1\objenesis-3.1.jar;E:\apache-maven-3.6.3\repository\org\mockito\mockito-junit-jupiter\3.6.0\mockito-junit-jupiter-3.6.0.jar;E:\apache-maven-3.6.3\repository\org\skyscreamer\jsonassert\1.5.0\jsonassert-1.5.0.jar;E:\apache-maven-3.6.3\repository\com\vaadin\external\google\android-json\0.0.20131108.vaadin1\android-json-0.0.20131108.vaadin1.jar;E:\apache-maven-3.6.3\repository\org\springframework\spring-core\5.3.1\spring-core-5.3.1.jar;E:\apache-maven-3.6.3\repository\org\springframework\spring-jcl\5.3.1\spring-jcl-5.3.1.jar;E:\apache-maven-3.6.3\repository\org\springframework\spring-test\5.3.1\spring-test-5.3.1.jar;E:\apache-maven-3.6.3\repository\org\xmlunit\xmlunit-core\2.7.0\xmlunit-core-2.7.0.jar;E:\apache-maven-3.6.3\repository\org\apache\shiro\shiro-spring\1.6.0\shiro-spring-1.6.0.jar;E:\apache-maven-3.6.3\repository\org\apache\shiro\shiro-core\1.6.0\shiro-core-1.6.0.jar;E:\apache-maven-3.6.3\repository\org\apache\shiro\shiro-lang\1.6.0\shiro-lang-1.6.0.jar;E:\apache-maven-3.6.3\repository\org\apache\shiro\shiro-cache\1.6.0\shiro-cache-1.6.0.jar;E:\apache-maven-3.6.3\repository\org\apache\shiro\shiro-crypto-hash\1.6.0\shiro-crypto-hash-1.6.0.jar;E:\apache-maven-3.6.3\repository\org\apache\shiro\shiro-crypto-core\1.6.0\shiro-crypto-core-1.6.0.jar;E:\apache-maven-3.6.3\repository\org\apache\shiro\shiro-crypto-cipher\1.6.0\shiro-crypto-cipher-1.6.0.jar;E:\apache-maven-3.6.3\repository\org\apache\shiro\shiro-config-core\1.6.0\shiro-config-core-1.6.0.jar;E:\apache-maven-3.6.3\repository\org\apache\shiro\shiro-config-ogdl\1.6.0\shiro-config-ogdl-1.6.0.jar;E:\apache-maven-3.6.3\repository\commons-beanutils\commons-beanutils\1.9.4\commons-beanutils-1.9.4.jar;E:\apache-maven-3.6.3\repository\commons-collections\commons-collections\3.2.2\commons-collections-3.2.2.jar;E:\apache-maven-3.6.3\repository\org\apache\shiro\shiro-event\1.6.0\shiro-event-1.6.0.jar;E:\apache-maven-3.6.3\repository\org\apache\shiro\shiro-web\1.6.0\shiro-web-1.6.0.jar;E:\apache-maven-3.6.3\repository\org\owasp\encoder\encoder\1.2.2\encoder-1.2.2.jar;E:\apache-maven-3.6.3\repository\com\auth0\java-jwt\3.2.0\java-jwt-3.2.0.jar;E:\apache-maven-3.6.3\repository\com\fasterxml\jackson\core\jackson-databind\2.11.3\jackson-databind-2.11.3.jar;E:\apache-maven-3.6.3\repository\com\fasterxml\jackson\core\jackson-annotations\2.11.3\jackson-annotations-2.11.3.jar;E:\apache-maven-3.6.3\repository\com\fasterxml\jackson\core\jackson-core\2.11.3\jackson-core-2.11.3.jar;E:\apache-maven-3.6.3\repository\commons-codec\commons-codec\1.15\commons-codec-1.15.jar;E:\apache-maven-3.6.3\repository\org\bouncycastle\bcprov-jdk15on\1.55\bcprov-jdk15on-1.55.jar;E:\apache-maven-3.6.3\repository\commons-fileupload\commons-fileupload\1.3.3\commons-fileupload-1.3.3.jar;E:\apache-maven-3.6.3\repository\commons-io\commons-io\2.4\commons-io-2.4.jar;E:\apache-maven-3.6.3\repository\com\alibaba\fastjson\1.2.58\fastjson-1.2.58.jar;E:\apache-maven-3.6.3\repository\org\mybatis\spring\boot\mybatis-spring-boot-starter\2.1.0\mybatis-spring-boot-starter-2.1.0.jar;E:\apache-maven-3.6.3\repository\org\springframework\boot\spring-boot-starter-jdbc\2.4.0\spring-boot-starter-jdbc-2.4.0.jar;E:\apache-maven-3.6.3\repository\com\zaxxer\HikariCP\3.4.5\HikariCP-3.4.5.jar;E:\apache-maven-3.6.3\repository\org\springframework\spring-jdbc\5.3.1\spring-jdbc-5.3.1.jar;E:\apache-maven-3.6.3\repository\org\mybatis\spring\boot\mybatis-spring-boot-autoconfigure\2.1.0\mybatis-spring-boot-autoconfigure-2.1.0.jar;E:\apache-maven-3.6.3\repository\org\mybatis\mybatis\3.5.2\mybatis-3.5.2.jar;E:\apache-maven-3.6.3\repository\org\mybatis\mybatis-spring\2.0.2\mybatis-spring-2.0.2.jar;E:\apache-maven-3.6.3\repository\com\github\pagehelper\pagehelper-spring-boot-starter\1.2.5\pagehelper-spring-boot-starter-1.2.5.jar;E:\apache-maven-3.6.3\repository\com\github\pagehelper\pagehelper-spring-boot-autoconfigure\1.2.5\pagehelper-spring-boot-autoconfigure-1.2.5.jar;E:\apache-maven-3.6.3\repository\com\github\pagehelper\pagehelper\5.1.4\pagehelper-5.1.4.jar;E:\apache-maven-3.6.3\repository\com\github\jsqlparser\jsqlparser\1.0\jsqlparser-1.0.jar;E:\apache-maven-3.6.3\repository\org\springframework\boot\spring-boot-starter-data-redis\2.1.5.RELEASE\spring-boot-starter-data-redis-2.1.5.RELEASE.jar;E:\apache-maven-3.6.3\repository\org\springframework\data\spring-data-redis\2.4.1\spring-data-redis-2.4.1.jar;E:\apache-maven-3.6.3\repository\org\springframework\data\spring-data-keyvalue\2.4.1\spring-data-keyvalue-2.4.1.jar;E:\apache-maven-3.6.3\repository\org\springframework\data\spring-data-commons\2.4.1\spring-data-commons-2.4.1.jar;E:\apache-maven-3.6.3\repository\org\springframework\spring-tx\5.3.1\spring-tx-5.3.1.jar;E:\apache-maven-3.6.3\repository\org\springframework\spring-oxm\5.3.1\spring-oxm-5.3.1.jar;E:\apache-maven-3.6.3\repository\org\springframework\spring-context-support\5.3.1\spring-context-support-5.3.1.jar;E:\apache-maven-3.6.3\repository\io\lettuce\lettuce-core\6.0.1.RELEASE\lettuce-core-6.0.1.RELEASE.jar;E:\apache-maven-3.6.3\repository\io\netty\netty-common\4.1.54.Final\netty-common-4.1.54.Final.jar;E:\apache-maven-3.6.3\repository\io\netty\netty-handler\4.1.54.Final\netty-handler-4.1.54.Final.jar;E:\apache-maven-3.6.3\repository\io\netty\netty-resolver\4.1.54.Final\netty-resolver-4.1.54.Final.jar;E:\apache-maven-3.6.3\repository\io\netty\netty-buffer\4.1.54.Final\netty-buffer-4.1.54.Final.jar;E:\apache-maven-3.6.3\repository\io\netty\netty-codec\4.1.54.Final\netty-codec-4.1.54.Final.jar;E:\apache-maven-3.6.3\repository\io\netty\netty-transport\4.1.54.Final\netty-transport-4.1.54.Final.jar;E:\apache-maven-3.6.3\repository\io\projectreactor\reactor-core\3.4.0\reactor-core-3.4.0.jar;E:\apache-maven-3.6.3\repository\org\reactivestreams\reactive-streams\1.0.3\reactive-streams-1.0.3.jar;"/>
    <property name="sun.cpu.endian" value="little"/>
    <property name="user.home" value="C:\Users\Administrator"/>
    <property name="user.language" value="zh"/>
    <property name="java.specification.vendor" value="Oracle Corporation"/>
    <property name="java.home" value="E:\Java\jdk1.8.0_11\jre"/>
    <property name="basedir" value="E:\git\treehole\后端源码\treehole"/>
    <property name="file.separator" value="\"/>
    <property name="line.separator" value="&#10;"/>
    <property name="java.vm.specification.vendor" value="Oracle Corporation"/>
    <property name="java.specification.name" value="Java Platform API Specification"/>
    <property name="java.awt.graphicsenv" value="sun.awt.Win32GraphicsEnvironment"/>
    <property name="surefire.real.class.path" value="C:\Users\ADMINI~1\AppData\Local\Temp\surefire7491267583159677043\surefirebooter7609979939211838372.jar"/>
    <property name="idea.version2020.1.4" value="true"/>
    <property name="sun.boot.class.path" value="E:\Java\jdk1.8.0_11\jre\lib\resources.jar;E:\Java\jdk1.8.0_11\jre\lib\rt.jar;E:\Java\jdk1.8.0_11\jre\lib\sunrsasign.jar;E:\Java\jdk1.8.0_11\jre\lib\jsse.jar;E:\Java\jdk1.8.0_11\jre\lib\jce.jar;E:\Java\jdk1.8.0_11\jre\lib\charsets.jar;E:\Java\jdk1.8.0_11\jre\lib\jfr.jar;E:\Java\jdk1.8.0_11\jre\classes"/>
    <property name="user.script" value=""/>
    <property name="sun.management.compiler" value="HotSpot 64-Bit Tiered Compilers"/>
    <property name="java.runtime.version" value="1.8.0_11-b12"/>
    <property name="user.name" value="Administrator"/>
    <property name="path.separator" value=";"/>
    <property name="os.version" value="6.3"/>
    <property name="java.endorsed.dirs" value="E:\Java\jdk1.8.0_11\jre\lib\endorsed"/>
    <property name="java.runtime.name" value="Java(TM) SE Runtime Environment"/>
    <property name="file.encoding" value="GBK"/>
    <property name="java.vm.name" value="Java HotSpot(TM) 64-Bit Server VM"/>
    <property name="localRepository" value="E:\apache-maven-3.6.3\repository"/>
    <property name="java.vendor.url.bug" value="http://bugreport.sun.com/bugreport/"/>
    <property name="java.io.tmpdir" value="C:\Users\ADMINI~1\AppData\Local\Temp\"/>
    <property name="java.version" value="1.8.0_11"/>
    <property name="user.dir" value="E:\git\treehole\后端源码\treehole"/>
    <property name="os.arch" value="amd64"/>
    <property name="java.vm.specification.name" value="Java Virtual Machine Specification"/>
    <property name="java.awt.printerjob" value="sun.awt.windows.WPrinterJob"/>
    <property name="sun.os.patch.level" value=""/>
    <property name="java.library.path" value="E:\Java\jdk1.8.0_11\jre\bin;C:\Windows\Sun\Java\bin;C:\Windows\system32;C:\Windows;C:\Windows\system32;C:\Windows;C:\Windows\System32\Wbem;C:\Windows\System32\WindowsPowerShell\v1.0\;C:\Windows\System32\OpenSSH\;E:\Java\jdk1.8.0_11\bin;E:\Java\jdk1.8.0_11\jre\bin;E:\mysql\mysql-8.0.13-winx64\bin;E:\Program Files\nodejs\;E:\Program Files (x86)\NetSarang\Xshell 7\;E:\Program Files\Git\cmd;C:\Users\Administrator\AppData\Local\Microsoft\WindowsApps;;E:\Users\Administrator\AppData\Local\Programs\Microsoft VS Code\bin;C:\Users\Administrator\AppData\Roaming\npm;."/>
    <property name="java.vm.info" value="mixed mode"/>
    <property name="java.vendor" value="Oracle Corporation"/>
    <property name="java.vm.version" value="25.11-b03"/>
    <property name="java.ext.dirs" value="E:\Java\jdk1.8.0_11\jre\lib\ext;C:\Windows\Sun\Java\lib\ext"/>
    <property name="sun.io.unicode.encoding" value="UnicodeLittle"/>
    <property name="maven.repo.local" value="E:\apache-maven-3.6.3\repository"/>
    <property name="java.class.version" value="52.0"/>
  </properties>
  <testcase name="testGetUsers" classname="com.xinshuo.treehole.TreeholeApplicationTests" time="0.729"/>
  <testcase name="testIsUserLikedThisQuestion" classname="com.xinshuo.treehole.TreeholeApplicationTests" time="0.089"/>
  <testcase name="testGetAnswerByQuestionID" classname="com.xinshuo.treehole.TreeholeApplicationTests" time="0.009"/>
  <testcase name="testGetAnswerByAnswerID" classname="com.xinshuo.treehole.TreeholeApplicationTests" time="0.01"/>
  <testcase name="contextLoads" classname="com.xinshuo.treehole.TreeholeApplicationTests" time="0.044"/>
  <testcase name="testGetUserByID" classname="com.xinshuo.treehole.TreeholeApplicationTests" time="0.015"/>
</testsuite>